[02-May-2023 08:50:27 UTC] mail() on [/var/www/html/pages/register.php:17]: To: froid.san@tutanota.com -- Headers:  -- Subject: My subject
[02-May-2023 09:05:21 UTC] mail() on [/var/www/html/pages/register.php:18]: To: froid.san@tutanota.com -- Headers:  -- Subject: My subject
[02-May-2023 09:05:34 UTC] mail() on [/var/www/html/pages/register.php:18]: To: froid.san@tutanota.com -- Headers:  -- Subject: My subject
[02-May-2023 09:05:54 UTC] mail() on [/var/www/html/pages/register.php:18]: To: froid.san@tutanota.com -- Headers:  -- Subject: My subject
[02-May-2023 09:09:54 UTC] mail() on [/var/www/html/pages/register.php:18]: To: froid.san@tutanota.com -- Headers:  -- Subject: My subject
[02-May-2023 09:14:39 UTC] mail() on [/var/www/html/pages/register.php:18]: To: rose@worldwidesalonmarketing.com -- Headers:  -- Subject: My subject
[02-May-2023 09:29:20 UTC] mail() on [/var/www/html/pages/register.php:18]: To: rose@worldwidesalonmarketing.com -- Headers:  -- Subject: My subject
[02-May-2023 09:35:08 UTC] mail() on [/var/www/html/pages/register.php:18]: To: rose@worldwidesalonmarketing.com -- Headers:  -- Subject: My subject
[02-May-2023 09:35:37 UTC] mail() on [/var/www/html/pages/register.php:18]: To: rose@worldwidesalonmarketing.com -- Headers:  -- Subject: My subject
[02-May-2023 09:42:12 UTC] mail() on [/var/www/html/pages/register.php:18]: To: rose@worldwidesalonmarketing.com -- Headers:  -- Subject: My subject
[02-May-2023 09:46:03 UTC] mail() on [/var/www/html/pages/register.php:18]: To: rose@worldwidesalonmarketing.com -- Headers:  -- Subject: My subject
[02-May-2023 09:47:48 UTC] mail() on [/var/www/html/pages/register.php:18]: To: rose@worldwidesalonmarketing.com -- Headers:  -- Subject: My subject
[02-May-2023 09:54:43 UTC] mail() on [/var/www/html/pages/register.php:18]: To: rose@worldwidesalonmarketing.com -- Headers:  -- Subject: My subject
[02-May-2023 10:08:21 UTC] mail() on [/var/www/html/pages/register.php:18]: To: rose@worldwidesalonmarketing.com -- Headers:  -- Subject: My subject
[02-May-2023 10:08:44 UTC] mail() on [/var/www/html/pages/register.php:18]: To: rose@worldwidesalonmarketing.com -- Headers:  -- Subject: My subject
[02-May-2023 10:11:13 UTC] mail() on [/var/www/html/pages/register.php:18]: To: rose@worldwidesalonmarketing.com -- Headers:  -- Subject: My subject
[02-May-2023 10:11:18 UTC] mail() on [/var/www/html/pages/register.php:18]: To: rose@worldwidesalonmarketing.com -- Headers:  -- Subject: My subject
[02-May-2023 10:23:07 UTC] mail() on [/var/www/html/pages/register.php:18]: To: rose@worldwidesalonmarketing.com -- Headers:  -- Subject: My subject
[02-May-2023 10:29:44 UTC] mail() on [/var/www/html/pages/register.php:18]: To: rose@worldwidesalonmarketing.com -- Headers:  -- Subject: My subject
[02-May-2023 10:47:09 UTC] mail() on [/var/www/html/pages/register.php:37]: To: rose@worldwidesalonmarketing.com -- Headers:  -- Subject: My subject
[02-May-2023 11:27:37 UTC] mail() on [/var/www/html/pages/register.php:119]: To: rose@worldwidesalonmarketing.com -- Headers:  -- Subject: My subject
[02-May-2023 11:32:09 UTC] mail() on [/var/www/html/pages/register.php:121]: To: rose@worldwidesalonmarketing.com -- Headers:  -- Subject: My subject
[02-May-2023 20:46:43 UTC] mail() on [/var/www/html/functions/sendmail.php:9]: To: froid.san@tutanota.com -- Headers: From: noreply@vivace.rrwebstudio.com  Reply-To: rose@rrwebstudio.com  X-Mailer: PHP/8.1.17 -- Subject: Welcome to Vivace, Floyd
[04-May-2023 03:26:44 UTC] mail() on [/var/www/html/functions/sendmail.php:9]: To: mroselynr@gmail.com -- Headers: From: noreply@vivace.rrwebstudio.com  Reply-To: rose@rrwebstudio.com  X-Mailer: PHP/8.1.17 -- Subject: Welcome to Vivace, Rose
[07-May-2023 05:52:03 UTC] mail() on [/var/www/html/functions/sendmail.php:11]: To: rose@rrwebstudio.com -- Headers: From: noreply@vivace.rrwebstudio.com  MIME-Version: 1.0  Content-type: text/html; charset=iso-8859-1 -- Subject: Welcome to Vivace, Mary Roselyn
[07-May-2023 06:24:35 UTC] mail() on [/var/www/html/functions/sendmail.php:11]: To: roiy.flower@gmail.com -- Headers: From: noreply@vivace.rrwebstudio.com  MIME-Version: 1.0  Content-type: text/html; charset=iso-8859-1 -- Subject: Welcome to Vivace, Floyd
[16-May-2023 02:27:11 UTC] mail() on [/var/www/html/functions/sendmail.php:17]: To: mroselynr@gmail.com -- Headers: From: noreply@vivace.rrwebstudio.com  Reply-To: mike_ricafrente@yahoo.com  CC: rose@rrwebstudio.com  MIME-Version: 1.0  Content-Type: text/html; charset=UTF-8 -- Subject: Your new password
[16-May-2023 02:30:35 UTC] mail() on [/var/www/html/functions/sendmail.php:17]: To: mroselynr@gmail.com -- Headers: From: noreply@vivace.rrwebstudio.com  Reply-To: mike_ricafrente@yahoo.com  CC: rose@rrwebstudio.com  MIME-Version: 1.0  Content-Type: text/html; charset=UTF-8 -- Subject: Your new password
[16-May-2023 02:45:28 UTC] mail() on [/var/www/html/functions/sendmail.php:17]: To: mroselynr@gmail.com -- Headers: From: noreply@vivace.rrwebstudio.com  Reply-To: mike_ricafrente@yahoo.com  CC: rose@rrwebstudio.com  MIME-Version: 1.0  Content-Type: text/html; charset=UTF-8 -- Subject: Your new password
[17-May-2023 19:30:40 UTC] mail() on [/var/www/html/functions/sendmail.php:17]: To: froid_san@tutanota.com -- Headers: From: noreply@vivace.rrwebstudio.com  Reply-To: mike_ricafrente@yahoo.com  CC: rose@rrwebstudio.com  MIME-Version: 1.0  Content-Type: text/html; charset=UTF-8 -- Subject: Welcome to Vivace, Albert
[28-Jun-2023 10:20:46 UTC] mail() on [/var/www/html/functions/sendmail.php:17]: To: ployd915@gmail.com -- Headers: From: noreply@vivace.rrwebstudio.com  Reply-To: mike_ricafrente@yahoo.com  CC: rose@rrwebstudio.com  MIME-Version: 1.0  Content-Type: text/html; charset=UTF-8 -- Subject: Welcome to Vivace, Ployd
[28-Jun-2023 10:32:30 UTC] mail() on [/var/www/html/functions/sendmail.php:17]: To: ployd915@gmail.com -- Headers: From: noreply@vivace.rrwebstudio.com  Reply-To: mike_ricafrente@yahoo.com  CC: rose@rrwebstudio.com  MIME-Version: 1.0  Content-Type: text/html; charset=UTF-8 -- Subject: Your new password
[28-Jun-2023 10:32:33 UTC] mail() on [/var/www/html/functions/sendmail.php:17]: To: ployd915@gmail.com -- Headers: From: noreply@vivace.rrwebstudio.com  Reply-To: mike_ricafrente@yahoo.com  CC: rose@rrwebstudio.com  MIME-Version: 1.0  Content-Type: text/html; charset=UTF-8 -- Subject: Your new password
[28-Jun-2023 10:32:45 UTC] mail() on [/var/www/html/functions/sendmail.php:17]: To: ployd915@gmail.com -- Headers: From: noreply@vivace.rrwebstudio.com  Reply-To: mike_ricafrente@yahoo.com  CC: rose@rrwebstudio.com  MIME-Version: 1.0  Content-Type: text/html; charset=UTF-8 -- Subject: Your new password
